0 info it worked if it ends with ok
1 verbose cli [ 'node', '/usr/local/bin/npm', 'start' ]
2 info using npm@2.9.1
3 info using node@v0.12.2
4 verbose node symlink /usr/local/bin/node
5 verbose run-script [ 'prestart', 'start', 'poststart' ]
6 info prestart node-postgres-todo@0.0.0
7 info start node-postgres-todo@0.0.0
8 verbose unsafe-perm in lifecycle true
9 info node-postgres-todo@0.0.0 Failed to exec start script
10 verbose stack Error: node-postgres-todo@0.0.0 start: `supervisor ./bin/www`
10 verbose stack spawn ENOENT
10 verbose stack     at ChildProcess.<anonymous> (/usr/local/lib/node_modules/npm/lib/utils/spawn.js:17:16)
10 verbose stack     at ChildProcess.emit (events.js:110:17)
10 verbose stack     at maybeClose (child_process.js:1015:16)
10 verbose stack     at Process.ChildProcess._handle.onexit (child_process.js:1087:5)
11 verbose pkgid node-postgres-todo@0.0.0
12 verbose cwd /Users/michaelmarcinek/projects_2015/node-postgres-todo
13 error Darwin 14.4.0
14 error argv "node" "/usr/local/bin/npm" "start"
15 error node v0.12.2
16 error npm  v2.9.1
17 error file sh
18 error code ELIFECYCLE
19 error errno ENOENT
20 error syscall spawn
21 error node-postgres-todo@0.0.0 start: `supervisor ./bin/www`
21 error spawn ENOENT
22 error Failed at the node-postgres-todo@0.0.0 start script 'supervisor ./bin/www'.
22 error This is most likely a problem with the node-postgres-todo package,
22 error not with npm itself.
22 error Tell the author that this fails on your system:
22 error     supervisor ./bin/www
22 error You can get their info via:
22 error     npm owner ls node-postgres-todo
22 error There is likely additional logging output above.
23 verbose exit [ 1, true ]
